<?xml version="1.0" encoding="UTF-8"?>
<coverage generated="1629733368492" clover="3.2.0">
  <project timestamp="1629733368493" name="All files">
    <metrics statements="30" coveredstatements="30" conditionals="2" coveredconditionals="2" methods="8" coveredmethods="8" elements="40" coveredelements="40" complexity="0" loc="30" ncloc="30" packages="1" files="5" classes="5"/>
    <file name="Array Analysis.js" path="C:\Users\cioba\OneDrive\Documente\GitHub\Testing-for-fun-\Array Analysis.js">
      <metrics statements="6" coveredstatements="6" conditionals="0" coveredconditionals="0" methods="1" coveredmethods="1"/>
      <line num="3" count="1" type="stmt"/>
      <line num="4" count="1" type="stmt"/>
      <line num="5" count="1" type="stmt"/>
      <line num="6" count="1" type="stmt"/>
      <line num="8" count="1" type="stmt"/>
      <line num="12" count="1" type="stmt"/>
    </file>
    <file name="Caesar Cipher.js" path="C:\Users\cioba\OneDrive\Documente\GitHub\Testing-for-fun-\Caesar Cipher.js">
      <metrics statements="11" coveredstatements="11" conditionals="2" coveredconditionals="2" methods="1" coveredmethods="1"/>
      <line num="2" count="1" type="stmt"/>
      <line num="3" count="1" type="stmt"/>
      <line num="4" count="1" type="stmt"/>
      <line num="5" count="1" type="stmt"/>
      <line num="6" count="26" type="stmt"/>
      <line num="8" count="26" type="stmt"/>
      <line num="10" count="26" type="cond" truecount="2" falsecount="0"/>
      <line num="11" count="1" type="stmt"/>
      <line num="13" count="25" type="stmt"/>
      <line num="16" count="1" type="stmt"/>
      <line num="19" count="1" type="stmt"/>
    </file>
    <file name="capitalize.js" path="C:\Users\cioba\OneDrive\Documente\GitHub\Testing-for-fun-\capitalize.js">
      <metrics statements="3" coveredstatements="3" conditionals="0" coveredconditionals="0" methods="1" coveredmethods="1"/>
      <line num="2" count="1" type="stmt"/>
      <line num="3" count="1" type="stmt"/>
      <line num="5" count="1" type="stmt"/>
    </file>
    <file name="operations.js" path="C:\Users\cioba\OneDrive\Documente\GitHub\Testing-for-fun-\operations.js">
      <metrics statements="5" coveredstatements="5" conditionals="0" coveredconditionals="0" methods="4" coveredmethods="4"/>
      <line num="2" count="1" type="stmt"/>
      <line num="7" count="1" type="stmt"/>
      <line num="11" count="1" type="stmt"/>
      <line num="15" count="1" type="stmt"/>
      <line num="18" count="1" type="stmt"/>
    </file>
    <file name="reverseString.js" path="C:\Users\cioba\OneDrive\Documente\GitHub\Testing-for-fun-\reverseString.js">
      <metrics statements="5" coveredstatements="5" conditionals="0" coveredconditionals="0" methods="1" coveredmethods="1"/>
      <line num="2" count="1" type="stmt"/>
      <line num="3" count="1" type="stmt"/>
      <line num="4" count="1" type="stmt"/>
      <line num="5" count="1" type="stmt"/>
      <line num="8" count="1" type="stmt"/>
    </file>
  </project>
</coverage>
