{"C:\\Users\\cioba\\OneDrive\\Documente\\GitHub\\Testing-for-fun-\\Array Analysis.js": {"path":"C:\\Users\\cioba\\OneDrive\\Documente\\GitHub\\Testing-for-fun-\\Array Analysis.js","statementMap":{"0":{"start":{"line":3,"column":16},"end":{"line":3,"column":34}},"1":{"start":{"line":4,"column":16},"end":{"line":4,"column":34}},"2":{"start":{"line":5,"column":20},"end":{"line":5,"column":31}},"3":{"start":{"line":6,"column":19},"end":{"line":6,"column":31}},"4":{"start":{"line":8,"column":4},"end":{"line":8,"column":60}},"5":{"start":{"line":12,"column":0},"end":{"line":12,"column":31}}},"fnMap":{"0":{"name":"arrayAnalysis","decl":{"start":{"line":1,"column":9},"end":{"line":1,"column":22}},"loc":{"start":{"line":1,"column":29},"end":{"line":10,"column":1}},"line":1}},"branchMap":{},"s":{"0":1,"1":1,"2":1,"3":1,"4":1,"5":1},"f":{"0":1},"b":{},"_coverageSchema":"1a1c01bbd47fc00a2c39e90264f33305004495a9","hash":"535b4344130ae41f8d655efe2e70b6dda0e87485"}
,"C:\\Users\\cioba\\OneDrive\\Documente\\GitHub\\Testing-for-fun-\\Caesar Cipher.js": {"path":"C:\\Users\\cioba\\OneDrive\\Documente\\GitHub\\Testing-for-fun-\\Caesar Cipher.js","statementMap":{"0":{"start":{"line":2,"column":22},"end":{"line":2,"column":38}},"1":{"start":{"line":3,"column":14},"end":{"line":3,"column":16}},"2":{"start":{"line":4,"column":17},"end":{"line":4,"column":19}},"3":{"start":{"line":5,"column":2},"end":{"line":15,"column":3}},"4":{"start":{"line":5,"column":15},"end":{"line":5,"column":16}},"5":{"start":{"line":6,"column":4},"end":{"line":6,"column":55}},"6":{"start":{"line":8,"column":4},"end":{"line":8,"column":32}},"7":{"start":{"line":10,"column":4},"end":{"line":14,"column":5}},"8":{"start":{"line":11,"column":6},"end":{"line":11,"column":56}},"9":{"start":{"line":13,"column":6},"end":{"line":13,"column":51}},"10":{"start":{"line":16,"column":2},"end":{"line":16,"column":25}},"11":{"start":{"line":19,"column":0},"end":{"line":19,"column":30}}},"fnMap":{"0":{"name":"caesarCipher","decl":{"start":{"line":1,"column":9},"end":{"line":1,"column":21}},"loc":{"start":{"line":1,"column":33},"end":{"line":17,"column":1}},"line":1}},"branchMap":{"0":{"loc":{"start":{"line":10,"column":4},"end":{"line":14,"column":5}},"type":"if","locations":[{"start":{"line":10,"column":4},"end":{"line":14,"column":5}},{"start":{"line":10,"column":4},"end":{"line":14,"column":5}}],"line":10}},"s":{"0":1,"1":1,"2":1,"3":1,"4":1,"5":26,"6":26,"7":26,"8":1,"9":25,"10":1,"11":1},"f":{"0":1},"b":{"0":[1,25]},"_coverageSchema":"1a1c01bbd47fc00a2c39e90264f33305004495a9","hash":"996fd359414aad87fb00dfd10a54aa62d646401d"}
,"C:\\Users\\cioba\\OneDrive\\Documente\\GitHub\\Testing-for-fun-\\capitalize.js": {"path":"C:\\Users\\cioba\\OneDrive\\Documente\\GitHub\\Testing-for-fun-\\capitalize.js","statementMap":{"0":{"start":{"line":2,"column":19},"end":{"line":2,"column":67}},"1":{"start":{"line":3,"column":4},"end":{"line":3,"column":18}},"2":{"start":{"line":5,"column":0},"end":{"line":5,"column":28}}},"fnMap":{"0":{"name":"capitalize","decl":{"start":{"line":1,"column":10},"end":{"line":1,"column":20}},"loc":{"start":{"line":1,"column":29},"end":{"line":4,"column":1}},"line":1}},"branchMap":{},"s":{"0":1,"1":1,"2":1},"f":{"0":1},"b":{},"_coverageSchema":"1a1c01bbd47fc00a2c39e90264f33305004495a9","hash":"c0948aa202ea4195d12693d6be4bb34ae4b5eaa7"}
,"C:\\Users\\cioba\\OneDrive\\Documente\\GitHub\\Testing-for-fun-\\operations.js": {"path":"C:\\Users\\cioba\\OneDrive\\Documente\\GitHub\\Testing-for-fun-\\operations.js","statementMap":{"0":{"start":{"line":2,"column":4},"end":{"line":2,"column":17}},"1":{"start":{"line":7,"column":4},"end":{"line":7,"column":17}},"2":{"start":{"line":11,"column":4},"end":{"line":11,"column":17}},"3":{"start":{"line":15,"column":4},"end":{"line":15,"column":17}},"4":{"start":{"line":18,"column":0},"end":{"line":18,"column":46}}},"fnMap":{"0":{"name":"add","decl":{"start":{"line":1,"column":9},"end":{"line":1,"column":12}},"loc":{"start":{"line":1,"column":17},"end":{"line":4,"column":1}},"line":1},"1":{"name":"subtract","decl":{"start":{"line":6,"column":9},"end":{"line":6,"column":17}},"loc":{"start":{"line":6,"column":22},"end":{"line":8,"column":1}},"line":6},"2":{"name":"divide","decl":{"start":{"line":10,"column":9},"end":{"line":10,"column":15}},"loc":{"start":{"line":10,"column":20},"end":{"line":12,"column":1}},"line":10},"3":{"name":"multiply","decl":{"start":{"line":14,"column":9},"end":{"line":14,"column":17}},"loc":{"start":{"line":14,"column":23},"end":{"line":16,"column":1}},"line":14}},"branchMap":{},"s":{"0":1,"1":1,"2":1,"3":1,"4":1},"f":{"0":1,"1":1,"2":1,"3":1},"b":{},"_coverageSchema":"1a1c01bbd47fc00a2c39e90264f33305004495a9","hash":"88f33c8cefa9d8175eb6f5b83b6f117db601f4a7"}
,"C:\\Users\\cioba\\OneDrive\\Documente\\GitHub\\Testing-for-fun-\\reverseString.js": {"path":"C:\\Users\\cioba\\OneDrive\\Documente\\GitHub\\Testing-for-fun-\\reverseString.js","statementMap":{"0":{"start":{"line":2,"column":24},"end":{"line":2,"column":40}},"1":{"start":{"line":3,"column":26},"end":{"line":3,"column":47}},"2":{"start":{"line":4,"column":22},"end":{"line":4,"column":44}},"3":{"start":{"line":5,"column":4},"end":{"line":5,"column":21}},"4":{"start":{"line":8,"column":0},"end":{"line":8,"column":31}}},"fnMap":{"0":{"name":"reverseString","decl":{"start":{"line":1,"column":9},"end":{"line":1,"column":22}},"loc":{"start":{"line":1,"column":30},"end":{"line":6,"column":1}},"line":1}},"branchMap":{},"s":{"0":1,"1":1,"2":1,"3":1,"4":1},"f":{"0":1},"b":{},"_coverageSchema":"1a1c01bbd47fc00a2c39e90264f33305004495a9","hash":"730819855bc4107794c986e3ace199a29aac5abf"}
}
