TN:
SF:Array Analysis.js
FN:1,arrayAnalysis
FNF:1
FNH:1
FNDA:1,arrayAnalysis
DA:3,1
DA:4,1
DA:5,1
DA:6,1
DA:8,1
DA:12,1
LF:6
LH:6
BRF:0
BRH:0
end_of_record
TN:
SF:Caesar Cipher.js
FN:1,caesarCipher
FNF:1
FNH:1
FNDA:1,caesarCipher
DA:2,1
DA:3,1
DA:4,1
DA:5,1
DA:6,26
DA:8,26
DA:10,26
DA:11,1
DA:13,25
DA:16,1
DA:19,1
LF:11
LH:11
BRDA:10,0,0,1
BRDA:10,0,1,25
BRF:2
BRH:2
end_of_record
TN:
SF:capitalize.js
FN:1,capitalize
FNF:1
FNH:1
FNDA:1,capitalize
DA:2,1
DA:3,1
DA:5,1
LF:3
LH:3
BRF:0
BRH:0
end_of_record
TN:
SF:operations.js
FN:1,add
FN:6,subtract
FN:10,divide
FN:14,multiply
FNF:4
FNH:4
FNDA:1,add
FNDA:1,subtract
FNDA:1,divide
FNDA:1,multiply
DA:2,1
DA:7,1
DA:11,1
DA:15,1
DA:18,1
LF:5
LH:5
BRF:0
BRH:0
end_of_record
TN:
SF:reverseString.js
FN:1,reverseString
FNF:1
FNH:1
FNDA:1,reverseString
DA:2,1
DA:3,1
DA:4,1
DA:5,1
DA:8,1
LF:5
LH:5
BRF:0
BRH:0
end_of_record
